<?xml version="1.0" encoding="UTF-8"?>
<!-- Generated by org.testng.reporters.JUnitReportReporter -->
<testsuite hostname="TCLIN53" failures="0" tests="2" name="Utilities.Excelutilities" time="0.588" errors="0" timestamp="2023-06-01T15:59:48 IST" skipped="0">
  <testcase classname="Utilities.Excelutilities" name="readexcel" time="0.586"/>
  <system-out/>
  <testcase classname="Utilities.Excelutilities" name="cellvaluefromEXCEL" time="0.002"/>
  <system-out/>
</testsuite> <!-- Utilities.Excelutilities -->
